<?xml version="1.0" encoding="UTF-8"?>
<persistence version="2.1"
             xmlns="http://xmlns.jcp.org/xml/ns/persistence"
>

    <persistence-unit name="business_traceability">
        <jta-data-source>java:jboss/datasources/test-business_traceability</jta-data-source>
        <class>arrow.businesstraceability.persistence.entity.Abstract_entity</class>
        <class>arrow.businesstraceability.persistence.mapped.Abstract_entity_MAPPED</class>
        <class>arrow.businesstraceability.persistence.entity.Acc_com_bugyo10</class>
        <class>arrow.businesstraceability.persistence.mapped.Acc_com_bugyo10_MAPPED</class>
        <class>arrow.businesstraceability.persistence.mapped.Acc_com_bugyo10_MAPPED$Pk</class>
        <class>arrow.businesstraceability.persistence.entity.Acc_com_bugyo11</class>
        <class>arrow.businesstraceability.persistence.mapped.Acc_com_bugyo11_MAPPED</class>
        <class>arrow.businesstraceability.persistence.mapped.Acc_com_bugyo11_MAPPED$Pk</class>
        <class>arrow.businesstraceability.persistence.entity.Acc_com_bugyo12</class>
        <class>arrow.businesstraceability.persistence.mapped.Acc_com_bugyo12_MAPPED</class>
        <class>arrow.businesstraceability.persistence.mapped.Acc_com_bugyo12_MAPPED$Pk</class>
        <class>arrow.businesstraceability.persistence.entity.Acc_com_bugyo13</class>
        <class>arrow.businesstraceability.persistence.mapped.Acc_com_bugyo13_MAPPED</class>
        <class>arrow.businesstraceability.persistence.mapped.Acc_com_bugyo13_MAPPED$Pk</class>
        <class>arrow.businesstraceability.persistence.entity.Acc_com_bugyo14</class>
        <class>arrow.businesstraceability.persistence.mapped.Acc_com_bugyo14_MAPPED</class>
        <class>arrow.businesstraceability.persistence.mapped.Acc_com_bugyo14_MAPPED$Pk</class>
        <class>arrow.businesstraceability.persistence.entity.Acc_com_bugyo15</class>
        <class>arrow.businesstraceability.persistence.mapped.Acc_com_bugyo15_MAPPED</class>
        <class>arrow.businesstraceability.persistence.mapped.Acc_com_bugyo15_MAPPED$Pk</class>
        <class>arrow.businesstraceability.persistence.entity.Acc_com_bugyo16</class>
        <class>arrow.businesstraceability.persistence.mapped.Acc_com_bugyo16_MAPPED</class>
        <class>arrow.businesstraceability.persistence.mapped.Acc_com_bugyo16_MAPPED$Pk</class>
        <class>arrow.businesstraceability.persistence.entity.Acc_com_bugyo21</class>
        <class>arrow.businesstraceability.persistence.mapped.Acc_com_bugyo21_MAPPED</class>
        <class>arrow.businesstraceability.persistence.mapped.Acc_com_bugyo21_MAPPED$Pk</class>
        <class>arrow.businesstraceability.persistence.entity.Acc_com_bugyo22</class>
        <class>arrow.businesstraceability.persistence.mapped.Acc_com_bugyo22_MAPPED</class>
        <class>arrow.businesstraceability.persistence.mapped.Acc_com_bugyo22_MAPPED$Pk</class>
        <class>arrow.businesstraceability.persistence.entity.Acc_com_bugyo40</class>
        <class>arrow.businesstraceability.persistence.mapped.Acc_com_bugyo40_MAPPED</class>
        <class>arrow.businesstraceability.persistence.mapped.Acc_com_bugyo40_MAPPED$Pk</class>
        <class>arrow.businesstraceability.persistence.entity.Acc_com_bugyo49</class>
        <class>arrow.businesstraceability.persistence.mapped.Acc_com_bugyo49_MAPPED</class>
        <class>arrow.businesstraceability.persistence.mapped.Acc_com_bugyo49_MAPPED$Pk</class>
        <class>arrow.businesstraceability.persistence.entity.Acc_com_bugyo90</class>
        <class>arrow.businesstraceability.persistence.mapped.Acc_com_bugyo90_MAPPED</class>
        <class>arrow.businesstraceability.persistence.mapped.Acc_com_bugyo90_MAPPED$Pk</class>
        <class>arrow.businesstraceability.persistence.entity.Acc_com_bugyo91</class>
        <class>arrow.businesstraceability.persistence.mapped.Acc_com_bugyo91_MAPPED</class>
        <class>arrow.businesstraceability.persistence.mapped.Acc_com_bugyo91_MAPPED$Pk</class>
        <class>arrow.businesstraceability.persistence.entity.Acc_com_credit</class>
        <class>arrow.businesstraceability.persistence.mapped.Acc_com_credit_MAPPED</class>
        <class>arrow.businesstraceability.persistence.mapped.Acc_com_credit_MAPPED$Pk</class>
        <class>arrow.businesstraceability.persistence.entity.Acc_com_entity</class>
        <class>arrow.businesstraceability.persistence.mapped.Acc_com_entity_MAPPED</class>
        <class>arrow.businesstraceability.persistence.mapped.Acc_com_entity_MAPPED$Pk</class>
        <class>arrow.businesstraceability.persistence.entity.Acc_com_finance</class>
        <class>arrow.businesstraceability.persistence.mapped.Acc_com_finance_MAPPED</class>
        <class>arrow.businesstraceability.persistence.mapped.Acc_com_finance_MAPPED$Pk</class>
        <class>arrow.businesstraceability.persistence.entity.Acc_com_industry</class>
        <class>arrow.businesstraceability.persistence.mapped.Acc_com_industry_MAPPED</class>
        <class>arrow.businesstraceability.persistence.mapped.Acc_com_industry_MAPPED$Pk</class>
        <class>arrow.businesstraceability.persistence.entity.Acc_com_purchase</class>
        <class>arrow.businesstraceability.persistence.mapped.Acc_com_purchase_MAPPED</class>
        <class>arrow.businesstraceability.persistence.mapped.Acc_com_purchase_MAPPED$Pk</class>
        <class>arrow.businesstraceability.persistence.entity.Acc_com_relation</class>
        <class>arrow.businesstraceability.persistence.mapped.Acc_com_relation_MAPPED</class>
        <class>arrow.businesstraceability.persistence.mapped.Acc_com_relation_MAPPED$Pk</class>
        <class>arrow.businesstraceability.persistence.entity.Addresspoint_mst</class>
        <class>arrow.businesstraceability.persistence.mapped.Addresspoint_mst_MAPPED</class>
        <class>arrow.businesstraceability.persistence.mapped.Addresspoint_mst_MAPPED$Pk</class>
        <class>arrow.businesstraceability.persistence.entity.Authority_mst</class>
        <class>arrow.businesstraceability.persistence.mapped.Authority_mst_MAPPED</class>
        <class>arrow.businesstraceability.persistence.mapped.Authority_mst_MAPPED$Pk</class>
        <class>arrow.businesstraceability.persistence.entity.Basepoint_info</class>
        <class>arrow.businesstraceability.persistence.mapped.Basepoint_info_MAPPED</class>
        <class>arrow.businesstraceability.persistence.mapped.Basepoint_info_MAPPED$Pk</class>
        <class>arrow.businesstraceability.persistence.entity.Branch_position</class>
        <class>arrow.businesstraceability.persistence.mapped.Branch_position_MAPPED</class>
        <class>arrow.businesstraceability.persistence.mapped.Branch_position_MAPPED$Pk</class>
        <class>arrow.businesstraceability.persistence.entity.Business_company_mst</class>
        <class>arrow.businesstraceability.persistence.mapped.Business_company_mst_MAPPED</class>
        <class>arrow.businesstraceability.persistence.mapped.Business_company_mst_MAPPED$Pk</class>
        <class>arrow.businesstraceability.persistence.entity.Business_cons_info</class>
        <class>arrow.businesstraceability.persistence.mapped.Business_cons_info_MAPPED</class>
        <class>arrow.businesstraceability.persistence.mapped.Business_cons_info_MAPPED$Pk</class>
        <class>arrow.businesstraceability.persistence.entity.Captital_level_mst</class>
        <class>arrow.businesstraceability.persistence.mapped.Captital_level_mst_MAPPED</class>
        <class>arrow.businesstraceability.persistence.mapped.Captital_level_mst_MAPPED$Pk</class>
        <class>arrow.businesstraceability.persistence.entity.Company_mst</class>
        <class>arrow.businesstraceability.persistence.mapped.Company_mst_MAPPED</class>
        <class>arrow.businesstraceability.persistence.mapped.Company_mst_MAPPED$Pk</class>
        <class>arrow.businesstraceability.persistence.entity.Credit_info</class>
        <class>arrow.businesstraceability.persistence.mapped.Credit_info_MAPPED</class>
        <class>arrow.businesstraceability.persistence.mapped.Credit_info_MAPPED$Pk</class>
        <class>arrow.businesstraceability.persistence.entity.Customer_info_view</class>
        <class>arrow.businesstraceability.persistence.mapped.Customer_info_view_MAPPED</class>
        <class>arrow.businesstraceability.persistence.mapped.Customer_info_view_MAPPED$Pk</class>
        <class>arrow.businesstraceability.persistence.entity.Daily_activity_type</class>
        <class>arrow.businesstraceability.persistence.mapped.Daily_activity_type_MAPPED</class>
        <class>arrow.businesstraceability.persistence.mapped.Daily_activity_type_MAPPED$Pk</class>
        <class>arrow.businesstraceability.persistence.entity.Daily_report</class>
        <class>arrow.businesstraceability.persistence.mapped.Daily_report_MAPPED</class>
        <class>arrow.businesstraceability.persistence.mapped.Daily_report_MAPPED$Pk</class>
        <class>arrow.businesstraceability.persistence.entity.Employee_mst</class>
        <class>arrow.businesstraceability.persistence.mapped.Employee_mst_MAPPED</class>
        <class>arrow.businesstraceability.persistence.mapped.Employee_mst_MAPPED$Pk</class>
        <class>arrow.businesstraceability.persistence.entity.Industry_big_info</class>
        <class>arrow.businesstraceability.persistence.mapped.Industry_big_info_MAPPED</class>
        <class>arrow.businesstraceability.persistence.mapped.Industry_big_info_MAPPED$Pk</class>
        <class>arrow.businesstraceability.persistence.entity.Industry_big_mst</class>
        <class>arrow.businesstraceability.persistence.mapped.Industry_big_mst_MAPPED</class>
        <class>arrow.businesstraceability.persistence.mapped.Industry_big_mst_MAPPED$Pk</class>
        <class>arrow.businesstraceability.persistence.entity.Industry_mdl_info</class>
        <class>arrow.businesstraceability.persistence.mapped.Industry_mdl_info_MAPPED</class>
        <class>arrow.businesstraceability.persistence.mapped.Industry_mdl_info_MAPPED$Pk</class>
        <class>arrow.businesstraceability.persistence.entity.Industry_mdl_mst</class>
        <class>arrow.businesstraceability.persistence.mapped.Industry_mdl_mst_MAPPED</class>
        <class>arrow.businesstraceability.persistence.mapped.Industry_mdl_mst_MAPPED$Pk</class>
        <class>arrow.businesstraceability.persistence.entity.Industry_sml_mst</class>
        <class>arrow.businesstraceability.persistence.mapped.Industry_sml_mst_MAPPED</class>
        <class>arrow.businesstraceability.persistence.mapped.Industry_sml_mst_MAPPED$Pk</class>
        <class>arrow.businesstraceability.persistence.entity.Monthly_report_history</class>
        <class>arrow.businesstraceability.persistence.mapped.Monthly_report_history_MAPPED</class>
        <class>arrow.businesstraceability.persistence.mapped.Monthly_report_history_MAPPED$Pk</class>
        <class>arrow.businesstraceability.persistence.entity.Monthly_report_revision</class>
        <class>arrow.businesstraceability.persistence.mapped.Monthly_report_revision_MAPPED</class>
        <class>arrow.businesstraceability.persistence.mapped.Monthly_report_revision_MAPPED$Pk</class>
        <class>arrow.businesstraceability.persistence.entity.Notification_config</class>
        <class>arrow.businesstraceability.persistence.mapped.Notification_config_MAPPED</class>
        <class>arrow.businesstraceability.persistence.mapped.Notification_config_MAPPED$Pk</class>
        <class>arrow.businesstraceability.persistence.entity.Notification_data</class>
        <class>arrow.businesstraceability.persistence.mapped.Notification_data_MAPPED</class>
        <class>arrow.businesstraceability.persistence.mapped.Notification_data_MAPPED$Pk</class>
        <class>arrow.businesstraceability.persistence.entity.Notification_item</class>
        <class>arrow.businesstraceability.persistence.mapped.Notification_item_MAPPED</class>
        <class>arrow.businesstraceability.persistence.mapped.Notification_item_MAPPED$Pk</class>
        <class>arrow.businesstraceability.persistence.entity.Personnel_affairs_info</class>
        <class>arrow.businesstraceability.persistence.mapped.Personnel_affairs_info_MAPPED</class>
        <class>arrow.businesstraceability.persistence.mapped.Personnel_affairs_info_MAPPED$Pk</class>
        <class>arrow.businesstraceability.persistence.entity.Position_mst</class>
        <class>arrow.businesstraceability.persistence.mapped.Position_mst_MAPPED</class>
        <class>arrow.businesstraceability.persistence.mapped.Position_mst_MAPPED$Pk</class>
        <class>arrow.businesstraceability.persistence.entity.San_card_data</class>
        <class>arrow.businesstraceability.persistence.mapped.San_card_data_MAPPED</class>
        <class>arrow.businesstraceability.persistence.mapped.San_card_data_MAPPED$Pk</class>
        <class>arrow.businesstraceability.persistence.entity.San_card_tag</class>
        <class>arrow.businesstraceability.persistence.mapped.San_card_tag_MAPPED</class>
        <class>arrow.businesstraceability.persistence.mapped.San_card_tag_MAPPED$Pk</class>
        <class>arrow.businesstraceability.persistence.entity.San_com_branch</class>
        <class>arrow.businesstraceability.persistence.mapped.San_com_branch_MAPPED</class>
        <class>arrow.businesstraceability.persistence.mapped.San_com_branch_MAPPED$Pk</class>
        <class>arrow.businesstraceability.persistence.entity.San_com_cnumber</class>
        <class>arrow.businesstraceability.persistence.mapped.San_com_cnumber_MAPPED</class>
        <class>arrow.businesstraceability.persistence.mapped.San_com_cnumber_MAPPED$Pk</class>
        <class>arrow.businesstraceability.persistence.entity.San_com_info</class>
        <class>arrow.businesstraceability.persistence.mapped.San_com_info_MAPPED</class>
        <class>arrow.businesstraceability.persistence.mapped.San_com_info_MAPPED$Pk</class>
        <class>arrow.businesstraceability.persistence.entity.San_com_live_client</class>
        <class>arrow.businesstraceability.persistence.mapped.San_com_live_client_MAPPED</class>
        <class>arrow.businesstraceability.persistence.mapped.San_com_live_client_MAPPED$Pk</class>
        <class>arrow.businesstraceability.persistence.entity.San_com_live_owner</class>
        <class>arrow.businesstraceability.persistence.mapped.San_com_live_owner_MAPPED</class>
        <class>arrow.businesstraceability.persistence.mapped.San_com_live_owner_MAPPED$Pk</class>
        <class>arrow.businesstraceability.persistence.entity.San_com_live_stat</class>
        <class>arrow.businesstraceability.persistence.mapped.San_com_live_stat_MAPPED</class>
        <class>arrow.businesstraceability.persistence.mapped.San_com_live_stat_MAPPED$Pk</class>
        <class>arrow.businesstraceability.persistence.entity.San_com_mdomain</class>
        <class>arrow.businesstraceability.persistence.mapped.San_com_mdomain_MAPPED</class>
        <class>arrow.businesstraceability.persistence.mapped.San_com_mdomain_MAPPED$Pk</class>
        <class>arrow.businesstraceability.persistence.entity.San_com_site</class>
        <class>arrow.businesstraceability.persistence.mapped.San_com_site_MAPPED</class>
        <class>arrow.businesstraceability.persistence.mapped.San_com_site_MAPPED$Pk</class>
        <class>arrow.businesstraceability.persistence.entity.San_com_udomain</class>
        <class>arrow.businesstraceability.persistence.mapped.San_com_udomain_MAPPED</class>
        <class>arrow.businesstraceability.persistence.mapped.San_com_udomain_MAPPED$Pk</class>
        <class>arrow.businesstraceability.persistence.entity.San_com_whole_card</class>
        <class>arrow.businesstraceability.persistence.mapped.San_com_whole_card_MAPPED</class>
        <class>arrow.businesstraceability.persistence.mapped.San_com_whole_card_MAPPED$Pk</class>
        <class>arrow.businesstraceability.persistence.entity.San_idmap_card</class>
        <class>arrow.businesstraceability.persistence.mapped.San_idmap_card_MAPPED</class>
        <class>arrow.businesstraceability.persistence.mapped.San_idmap_card_MAPPED$Pk</class>
        <class>arrow.businesstraceability.persistence.entity.San_idmap_company</class>
        <class>arrow.businesstraceability.persistence.mapped.San_idmap_company_MAPPED</class>
        <class>arrow.businesstraceability.persistence.mapped.San_idmap_company_MAPPED$Pk</class>
        <class>arrow.businesstraceability.persistence.entity.San_idmap_person</class>
        <class>arrow.businesstraceability.persistence.mapped.San_idmap_person_MAPPED</class>
        <class>arrow.businesstraceability.persistence.mapped.San_idmap_person_MAPPED$Pk</class>
        <class>arrow.businesstraceability.persistence.entity.Tdb_big_industry</class>
        <class>arrow.businesstraceability.persistence.mapped.Tdb_big_industry_MAPPED</class>
        <class>arrow.businesstraceability.persistence.mapped.Tdb_big_industry_MAPPED$Pk</class>
        <class>arrow.businesstraceability.persistence.entity.Tdb_detail_industry</class>
        <class>arrow.businesstraceability.persistence.mapped.Tdb_detail_industry_MAPPED</class>
        <class>arrow.businesstraceability.persistence.mapped.Tdb_detail_industry_MAPPED$Pk</class>
        <class>arrow.businesstraceability.persistence.entity.Tdb_middle_industry</class>
        <class>arrow.businesstraceability.persistence.mapped.Tdb_middle_industry_MAPPED</class>
        <class>arrow.businesstraceability.persistence.mapped.Tdb_middle_industry_MAPPED$Pk</class>
        <class>arrow.businesstraceability.persistence.entity.User_login</class>
        <class>arrow.businesstraceability.persistence.mapped.User_login_MAPPED</class>
        <class>arrow.businesstraceability.persistence.mapped.User_login_MAPPED$Pk</class>
        <exclude-unlisted-classes>true</exclude-unlisted-classes>

        <properties>
            <property name="hibernate.transaction.jta.platform"
                      value="org.hibernate.service.jta.platform.internal.JBossAppServerJtaPlatform"/>
            <property name="hibernate.enable_lazy_load_no_trans" value="true"/>
        </properties>

    </persistence-unit>
</persistence>